[2018-05-09 00:12:04] Текст ошибки: Контроллер app\controllers\admin\MainController не найден | Файл: C:\OSPanel\domains\ishop2\vendor\ishop\core\Router.php | Строка: 41
----------------------
[2018-05-09 00:12:04] Текст ошибки: Страница не найдена | Файл: C:\OSPanel\domains\ishop2\vendor\ishop\core\Router.php | Строка: 44
----------------------
[2018-05-09 00:31:38] Текст ошибки: Class 'R' not found | Файл: C:\OSPanel\domains\ishop2\app\views\layouts\watches.php | Строка: 282
----------------------
[2018-05-09 00:47:53] Текст ошибки: Class 'R' not found | Файл: C:\OSPanel\domains\ishop2\app\views\layouts\watches.php | Строка: 282
----------------------
[2018-05-10 20:02:32] Текст ошибки: Страница не найдена | Файл: C:\OSPanel\domains\ishop2\vendor\ishop\core\Router.php | Строка: 44
----------------------
[2018-05-10 20:04:40] Текст ошибки: Страница не найдена | Файл: C:\OSPanel\domains\ishop2\vendor\ishop\core\Router.php | Строка: 44
----------------------
[2018-05-10 20:09:41] Текст ошибки: Страница не найдена | Файл: C:\OSPanel\domains\ishop2\vendor\ishop\core\Router.php | Строка: 44
----------------------
[2018-05-10 20:09:45] Текст ошибки: Страница не найдена | Файл: C:\OSPanel\domains\ishop2\vendor\ishop\core\Router.php | Строка: 44
----------------------
[2018-05-10 20:09:57] Текст ошибки: Страница не найдена | Файл: C:\OSPanel\domains\ishop2\vendor\ishop\core\Router.php | Строка: 44
----------------------
[2018-05-10 20:09:57] Текст ошибки: Страница не найдена | Файл: C:\OSPanel\domains\ishop2\vendor\ishop\core\Router.php | Строка: 44
----------------------
[2018-05-10 20:16:38] Текст ошибки: Страница не найдена | Файл: C:\OSPanel\domains\ishop2\vendor\ishop\core\Router.php | Строка: 44
----------------------
[2018-05-10 20:17:18] Текст ошибки: Страница не найдена | Файл: C:\OSPanel\domains\ishop2\vendor\ishop\core\Router.php | Строка: 44
----------------------
[2018-05-10 20:20:32] Текст ошибки: Не найден вид C:\OSPanel\domains\ishop2/app/views/admin\User/login-admin.php | Файл: C:\OSPanel\domains\ishop2\vendor\ishop\core\base\View.php | Строка: 41
----------------------
[2018-05-10 20:20:32] Текст ошибки: Не найден вид C:\OSPanel\domains\ishop2/app/views/admin\User/login-admin.php | Файл: C:\OSPanel\domains\ishop2\vendor\ishop\core\base\View.php | Строка: 41
----------------------
[2018-05-10 20:20:36] Текст ошибки: Не найден вид C:\OSPanel\domains\ishop2/app/views/admin\User/login-admin.php | Файл: C:\OSPanel\domains\ishop2\vendor\ishop\core\base\View.php | Строка: 41
----------------------
[2018-05-10 21:31:37] Текст ошибки: Контроллер app\controllers\admin\OrderController не найден | Файл: C:\OSPanel\domains\ishop2\vendor\ishop\core\Router.php | Строка: 41
----------------------
[2018-05-10 22:01:23] Текст ошибки: SQLSTATE[42000]: Syntax error or access violation: 1064 You have an error in your SQL syntax; check the manual that corresponds to your MySQL server version for the right syntax to use near 'sum FROM `order` 
JOIN `user` ON `order`.`user_id` = `user`.'id'
JOIN `order_p' at line 1 | Файл: C:\OSPanel\domains\ishop2\vendor\gabordemooij\redbean\RedBeanPHP\Driver\RPDO.php | Строка: 188
----------------------
[2018-05-10 22:02:12] Текст ошибки: SQLSTATE[42000]: Syntax error or access violation: 1064 You have an error in your SQL syntax; check the manual that corresponds to your MySQL server version for the right syntax to use near ''id'
JOIN `order_product` ON `order`.`id` = `order_product`.`order_id`
GROUP B' at line 2 | Файл: C:\OSPanel\domains\ishop2\vendor\gabordemooij\redbean\RedBeanPHP\Driver\RPDO.php | Строка: 188
----------------------
[2018-05-10 22:02:13] Текст ошибки: SQLSTATE[42000]: Syntax error or access violation: 1064 You have an error in your SQL syntax; check the manual that corresponds to your MySQL server version for the right syntax to use near ''id'
JOIN `order_product` ON `order`.`id` = `order_product`.`order_id`
GROUP B' at line 2 | Файл: C:\OSPanel\domains\ishop2\vendor\gabordemooij\redbean\RedBeanPHP\Driver\RPDO.php | Строка: 188
----------------------
[2018-05-10 22:02:14] Текст ошибки: SQLSTATE[42000]: Syntax error or access violation: 1064 You have an error in your SQL syntax; check the manual that corresponds to your MySQL server version for the right syntax to use near ''id'
JOIN `order_product` ON `order`.`id` = `order_product`.`order_id`
GROUP B' at line 2 | Файл: C:\OSPanel\domains\ishop2\vendor\gabordemooij\redbean\RedBeanPHP\Driver\RPDO.php | Строка: 188
----------------------
[2018-05-10 22:02:14] Текст ошибки: SQLSTATE[42000]: Syntax error or access violation: 1064 You have an error in your SQL syntax; check the manual that corresponds to your MySQL server version for the right syntax to use near ''id'
JOIN `order_product` ON `order`.`id` = `order_product`.`order_id`
GROUP B' at line 2 | Файл: C:\OSPanel\domains\ishop2\vendor\gabordemooij\redbean\RedBeanPHP\Driver\RPDO.php | Строка: 188
----------------------
[2018-05-10 22:02:14] Текст ошибки: SQLSTATE[42000]: Syntax error or access violation: 1064 You have an error in your SQL syntax; check the manual that corresponds to your MySQL server version for the right syntax to use near ''id'
JOIN `order_product` ON `order`.`id` = `order_product`.`order_id`
GROUP B' at line 2 | Файл: C:\OSPanel\domains\ishop2\vendor\gabordemooij\redbean\RedBeanPHP\Driver\RPDO.php | Строка: 188
----------------------
[2018-05-10 22:02:15] Текст ошибки: SQLSTATE[42000]: Syntax error or access violation: 1064 You have an error in your SQL syntax; check the manual that corresponds to your MySQL server version for the right syntax to use near ''id'
JOIN `order_product` ON `order`.`id` = `order_product`.`order_id`
GROUP B' at line 2 | Файл: C:\OSPanel\domains\ishop2\vendor\gabordemooij\redbean\RedBeanPHP\Driver\RPDO.php | Строка: 188
----------------------
[2018-05-10 22:02:15] Текст ошибки: SQLSTATE[42000]: Syntax error or access violation: 1064 You have an error in your SQL syntax; check the manual that corresponds to your MySQL server version for the right syntax to use near ''id'
JOIN `order_product` ON `order`.`id` = `order_product`.`order_id`
GROUP B' at line 2 | Файл: C:\OSPanel\domains\ishop2\vendor\gabordemooij\redbean\RedBeanPHP\Driver\RPDO.php | Строка: 188
----------------------
[2018-05-10 22:02:16] Текст ошибки: SQLSTATE[42000]: Syntax error or access violation: 1064 You have an error in your SQL syntax; check the manual that corresponds to your MySQL server version for the right syntax to use near ''id'
JOIN `order_product` ON `order`.`id` = `order_product`.`order_id`
GROUP B' at line 2 | Файл: C:\OSPanel\domains\ishop2\vendor\gabordemooij\redbean\RedBeanPHP\Driver\RPDO.php | Строка: 188
----------------------
[2018-05-11 21:37:31] Текст ошибки: Страница не найдена | Файл: C:\OSPanel\domains\ishop2\vendor\ishop\core\Router.php | Строка: 44
----------------------
[2018-05-11 21:37:31] Текст ошибки: Страница не найдена | Файл: C:\OSPanel\domains\ishop2\vendor\ishop\core\Router.php | Строка: 44
----------------------
[2018-05-11 21:45:03] Текст ошибки: Метод app\controllers\admin\OrderController::viewAction не найден | Файл: C:\OSPanel\domains\ishop2\vendor\ishop\core\Router.php | Строка: 38
----------------------
[2018-05-11 21:53:52] Текст ошибки: Страница не найдена | Файл: C:\OSPanel\domains\ishop2\vendor\ishop\core\Router.php | Строка: 44
----------------------
[2018-05-11 21:53:56] Текст ошибки: Страница не найдена | Файл: C:\OSPanel\domains\ishop2\app\controllers\admin\AppController.php | Строка: 35
----------------------
[2018-05-11 21:54:10] Текст ошибки: Страница не найдена | Файл: C:\OSPanel\domains\ishop2\app\controllers\admin\AppController.php | Строка: 35
----------------------
[2018-05-11 21:54:27] Текст ошибки: Страница не найдена | Файл: C:\OSPanel\domains\ishop2\app\controllers\admin\AppController.php | Строка: 34
----------------------
[2018-05-11 21:54:28] Текст ошибки: Страница не найдена | Файл: C:\OSPanel\domains\ishop2\app\controllers\admin\AppController.php | Строка: 34
----------------------
[2018-05-11 21:54:28] Текст ошибки: Страница не найдена | Файл: C:\OSPanel\domains\ishop2\app\controllers\admin\AppController.php | Строка: 34
----------------------
[2018-05-11 21:54:29] Текст ошибки: Страница не найдена | Файл: C:\OSPanel\domains\ishop2\app\controllers\admin\AppController.php | Строка: 34
----------------------
[2018-05-11 22:06:32] Текст ошибки: SQLSTATE[HY093]: Invalid parameter number: no parameters were bound | Файл: C:\OSPanel\domains\ishop2\vendor\gabordemooij\redbean\RedBeanPHP\Driver\RPDO.php | Строка: 188
----------------------
[2018-05-11 22:06:39] Текст ошибки: SQLSTATE[HY093]: Invalid parameter number: no parameters were bound | Файл: C:\OSPanel\domains\ishop2\vendor\gabordemooij\redbean\RedBeanPHP\Driver\RPDO.php | Строка: 188
----------------------
[2018-05-11 22:07:34] Текст ошибки: Не найден вид C:\OSPanel\domains\ishop2/app/views/admin\Order/view.php | Файл: C:\OSPanel\domains\ishop2\vendor\ishop\core\base\View.php | Строка: 41
----------------------
[2018-05-12 12:51:19] Текст ошибки: Страница не найдена | Файл: C:\OSPanel\domains\ishop2\vendor\ishop\core\Router.php | Строка: 44
----------------------
[2018-05-12 12:52:12] Текст ошибки: Контроллер app\controllers\admin\CategoryController не найден | Файл: C:\OSPanel\domains\ishop2\vendor\ishop\core\Router.php | Строка: 41
----------------------
[2018-05-12 13:28:32] Текст ошибки: Метод app\controllers\admin\OrderController::deleteAction не найден | Файл: C:\OSPanel\domains\ishop2\vendor\ishop\core\Router.php | Строка: 38
----------------------
[2018-05-12 13:28:32] Текст ошибки: Страница не найдена | Файл: C:\OSPanel\domains\ishop2\vendor\ishop\core\Router.php | Строка: 44
----------------------
[2018-05-12 17:19:36] Текст ошибки: Страница не найдена | Файл: C:\OSPanel\domains\ishop2\vendor\ishop\core\Router.php | Строка: 44
----------------------
[2018-05-12 19:55:33] Текст ошибки: SQLSTATE[42S22]: Column not found: 1054 Unknown column 'test' in 'field list' | Файл: C:\OSPanel\domains\ishop2\vendor\gabordemooij\redbean\RedBeanPHP\Driver\RPDO.php | Строка: 188
----------------------
[2018-05-12 19:55:33] Текст ошибки: Страница не найдена | Файл: C:\OSPanel\domains\ishop2\vendor\ishop\core\Router.php | Строка: 44
----------------------
[2018-05-12 19:56:03] Текст ошибки: SQLSTATE[23000]: Integrity constraint violation: 1062 Duplicate entry '' for key 'alias' | Файл: C:\OSPanel\domains\ishop2\vendor\gabordemooij\redbean\RedBeanPHP\Driver\RPDO.php | Строка: 188
----------------------
[2018-05-12 19:56:26] Текст ошибки: SQLSTATE[23000]: Integrity constraint violation: 1062 Duplicate entry '' for key 'alias' | Файл: C:\OSPanel\domains\ishop2\vendor\gabordemooij\redbean\RedBeanPHP\Driver\RPDO.php | Строка: 188
----------------------
[2018-05-12 20:00:03] Текст ошибки: SQLSTATE[42S22]: Column not found: 1054 Unknown column 'test' in 'field list' | Файл: C:\OSPanel\domains\ishop2\vendor\gabordemooij\redbean\RedBeanPHP\Driver\RPDO.php | Строка: 188
----------------------
[2018-05-12 20:04:09] Текст ошибки: SQLSTATE[23000]: Integrity constraint violation: 1062 Duplicate entry '' for key 'alias' | Файл: C:\OSPanel\domains\ishop2\vendor\gabordemooij\redbean\RedBeanPHP\Driver\RPDO.php | Строка: 188
----------------------
[2018-05-12 20:21:05] Текст ошибки: SQLSTATE[23000]: Integrity constraint violation: 1062 Duplicate entry '' for key 'alias' | Файл: C:\OSPanel\domains\ishop2\vendor\gabordemooij\redbean\RedBeanPHP\Driver\RPDO.php | Строка: 188
----------------------
[2018-05-12 20:21:05] Текст ошибки: Страница не найдена | Файл: C:\OSPanel\domains\ishop2\vendor\ishop\core\Router.php | Строка: 44
----------------------
[2018-05-13 12:16:53] Текст ошибки: Страница не найдена | Файл: C:\OSPanel\domains\ishop2\vendor\ishop\core\Router.php | Строка: 44
----------------------
[2018-05-13 16:12:29] Текст ошибки: Страница не найдена | Файл: C:\OSPanel\domains\ishop2\vendor\ishop\core\Router.php | Строка: 44
----------------------
[2018-05-13 17:14:09] Текст ошибки: Метод app\controllers\admin\UserController::addAction не найден | Файл: C:\OSPanel\domains\ishop2\vendor\ishop\core\Router.php | Строка: 38
----------------------
[2018-05-13 18:01:16] Текст ошибки: Метод app\controllers\admin\UserController::addAction не найден | Файл: C:\OSPanel\domains\ishop2\vendor\ishop\core\Router.php | Строка: 38
----------------------
[2018-05-15 20:24:06] Текст ошибки: Страница не найдена | Файл: C:\OSPanel\domains\ishop2\vendor\ishop\core\Router.php | Строка: 44
----------------------
[2018-05-15 20:25:26] Текст ошибки: Метод app\controllers\admin\ProductController::addAction не найден | Файл: C:\OSPanel\domains\ishop2\vendor\ishop\core\Router.php | Строка: 38
----------------------
[2018-05-15 20:25:31] Текст ошибки: Метод app\controllers\admin\ProductController::editAction не найден | Файл: C:\OSPanel\domains\ishop2\vendor\ishop\core\Router.php | Строка: 38
----------------------
[2018-05-15 21:19:40] Текст ошибки: Метод app\controllers\ProductController::indexAction не найден | Файл: C:\OSPanel\domains\ishop2\vendor\ishop\core\Router.php | Строка: 38
----------------------
[2018-05-15 23:06:54] Текст ошибки: SQLSTATE[42000]: Syntax error or access violation: 1064 You have an error in your SQL syntax; check the manual that corresponds to your MySQL server version for the right syntax to use near 'product_id = 38' at line 1 | Файл: C:\OSPanel\domains\ishop2\vendor\gabordemooij\redbean\RedBeanPHP\Driver\RPDO.php | Строка: 188
----------------------
[2018-05-15 23:06:54] Текст ошибки: Страница не найдена | Файл: C:\OSPanel\domains\ishop2\vendor\ishop\core\Router.php | Строка: 44
----------------------
[2018-05-15 23:10:10] Текст ошибки: SQLSTATE[42000]: Syntax error or access violation: 1064 You have an error in your SQL syntax; check the manual that corresponds to your MySQL server version for the right syntax to use near 'product_id = 39' at line 1 | Файл: C:\OSPanel\domains\ishop2\vendor\gabordemooij\redbean\RedBeanPHP\Driver\RPDO.php | Строка: 188
----------------------
[2018-05-15 23:11:09] Текст ошибки: SQLSTATE[42000]: Syntax error or access violation: 1064 You have an error in your SQL syntax; check the manual that corresponds to your MySQL server version for the right syntax to use near 'product_id = 40' at line 1 | Файл: C:\OSPanel\domains\ishop2\vendor\gabordemooij\redbean\RedBeanPHP\Driver\RPDO.php | Строка: 188
----------------------
[2018-05-15 23:11:41] Текст ошибки: SQLSTATE[42S02]: Base table or view not found: 1146 Table 'ishop2.atrribute_product' doesn't exist | Файл: C:\OSPanel\domains\ishop2\vendor\gabordemooij\redbean\RedBeanPHP\Driver\RPDO.php | Строка: 188
----------------------
[2018-05-15 23:11:41] Текст ошибки: Страница не найдена | Файл: C:\OSPanel\domains\ishop2\vendor\ishop\core\Router.php | Строка: 44
----------------------
[2018-05-16 20:56:36] Текст ошибки: Страница не найдена | Файл: C:\OSPanel\domains\ishop2\vendor\ishop\core\Router.php | Строка: 44
----------------------
[2018-05-16 21:04:42] Текст ошибки: Метод app\controllers\admin\ProductController::editAction не найден | Файл: C:\OSPanel\domains\ishop2\vendor\ishop\core\Router.php | Строка: 38
----------------------
[2018-05-16 21:36:21] Текст ошибки: Страница не найдена | Файл: C:\OSPanel\domains\ishop2\vendor\ishop\core\Router.php | Строка: 44
----------------------
[2018-05-16 21:36:29] Текст ошибки: Страница не найдена | Файл: C:\OSPanel\domains\ishop2\vendor\ishop\core\Router.php | Строка: 44
----------------------
[2018-05-16 21:54:28] Текст ошибки: Метод app\controllers\admin\ProductController::relatedProductAction не найден | Файл: C:\OSPanel\domains\ishop2\vendor\ishop\core\Router.php | Строка: 38
----------------------
[2018-05-16 21:54:53] Текст ошибки: Метод app\controllers\admin\ProductController::relatedProductAction не найден | Файл: C:\OSPanel\domains\ishop2\vendor\ishop\core\Router.php | Строка: 38
----------------------
[2018-05-16 22:07:43] Текст ошибки: SQLSTATE[42000]: Syntax error or access violation: 1064 You have an error in your SQL syntax; check the manual that corresponds to your MySQL server version for the right syntax to use near 'title LIKE '%%' LIMIT 10' at line 1 | Файл: C:\OSPanel\domains\ishop2\vendor\gabordemooij\redbean\RedBeanPHP\Driver\RPDO.php | Строка: 188
----------------------
[2018-05-16 22:07:57] Текст ошибки: SQLSTATE[42000]: Syntax error or access violation: 1064 You have an error in your SQL syntax; check the manual that corresponds to your MySQL server version for the right syntax to use near 'title LIKE '%сы%' LIMIT 10' at line 1 | Файл: C:\OSPanel\domains\ishop2\vendor\gabordemooij\redbean\RedBeanPHP\Driver\RPDO.php | Строка: 188
----------------------
[2018-05-16 22:07:58] Текст ошибки: SQLSTATE[42000]: Syntax error or access violation: 1064 You have an error in your SQL syntax; check the manual that corresponds to your MySQL server version for the right syntax to use near 'title LIKE '%%' LIMIT 10' at line 1 | Файл: C:\OSPanel\domains\ishop2\vendor\gabordemooij\redbean\RedBeanPHP\Driver\RPDO.php | Строка: 188
----------------------
[2018-05-16 22:08:00] Текст ошибки: SQLSTATE[42000]: Syntax error or access violation: 1064 You have an error in your SQL syntax; check the manual that corresponds to your MySQL server version for the right syntax to use near 'title LIKE '%c%' LIMIT 10' at line 1 | Файл: C:\OSPanel\domains\ishop2\vendor\gabordemooij\redbean\RedBeanPHP\Driver\RPDO.php | Строка: 188
----------------------
[2018-05-16 22:08:00] Текст ошибки: SQLSTATE[42000]: Syntax error or access violation: 1064 You have an error in your SQL syntax; check the manual that corresponds to your MySQL server version for the right syntax to use near 'title LIKE '%ca%' LIMIT 10' at line 1 | Файл: C:\OSPanel\domains\ishop2\vendor\gabordemooij\redbean\RedBeanPHP\Driver\RPDO.php | Строка: 188
----------------------
[2018-05-16 22:08:13] Текст ошибки: SQLSTATE[42000]: Syntax error or access violation: 1064 You have an error in your SQL syntax; check the manual that corresponds to your MySQL server version for the right syntax to use near 'title LIKE '%%' LIMIT 10' at line 1 | Файл: C:\OSPanel\domains\ishop2\vendor\gabordemooij\redbean\RedBeanPHP\Driver\RPDO.php | Строка: 188
----------------------
[2018-05-16 22:08:15] Текст ошибки: SQLSTATE[42000]: Syntax error or access violation: 1064 You have an error in your SQL syntax; check the manual that corresponds to your MySQL server version for the right syntax to use near 'title LIKE '%ча%' LIMIT 10' at line 1 | Файл: C:\OSPanel\domains\ishop2\vendor\gabordemooij\redbean\RedBeanPHP\Driver\RPDO.php | Строка: 188
----------------------
[2018-05-16 22:08:16] Текст ошибки: SQLSTATE[42000]: Syntax error or access violation: 1064 You have an error in your SQL syntax; check the manual that corresponds to your MySQL server version for the right syntax to use near 'title LIKE '%часв%' LIMIT 10' at line 1 | Файл: C:\OSPanel\domains\ishop2\vendor\gabordemooij\redbean\RedBeanPHP\Driver\RPDO.php | Строка: 188
----------------------
[2018-05-16 22:08:17] Текст ошибки: SQLSTATE[42000]: Syntax error or access violation: 1064 You have an error in your SQL syntax; check the manual that corresponds to your MySQL server version for the right syntax to use near 'title LIKE '%час%' LIMIT 10' at line 1 | Файл: C:\OSPanel\domains\ishop2\vendor\gabordemooij\redbean\RedBeanPHP\Driver\RPDO.php | Строка: 188
----------------------
[2018-05-16 22:08:18] Текст ошибки: SQLSTATE[42000]: Syntax error or access violation: 1064 You have an error in your SQL syntax; check the manual that corresponds to your MySQL server version for the right syntax to use near 'title LIKE '%часы%' LIMIT 10' at line 1 | Файл: C:\OSPanel\domains\ishop2\vendor\gabordemooij\redbean\RedBeanPHP\Driver\RPDO.php | Строка: 188
----------------------
[2018-05-16 22:39:11] Текст ошибки: Страница не найдена | Файл: C:\OSPanel\domains\ishop2\vendor\ishop\core\Router.php | Строка: 44
----------------------
[2018-05-17 20:24:41] Текст ошибки: Страница не найдена | Файл: C:\OSPanel\domains\ishop2\vendor\ishop\core\Router.php | Строка: 44
----------------------
[2018-05-17 21:30:20] Текст ошибки: Страница не найдена | Файл: C:\OSPanel\domains\ishop2\vendor\ishop\core\Router.php | Строка: 44
----------------------
[2018-05-17 21:40:08] Текст ошибки: Страница не найдена | Файл: C:\OSPanel\domains\ishop2\vendor\ishop\core\Router.php | Строка: 44
----------------------
[2018-05-17 21:40:08] Текст ошибки: Страница не найдена | Файл: C:\OSPanel\domains\ishop2\vendor\ishop\core\Router.php | Строка: 44
----------------------
[2018-05-17 21:40:08] Текст ошибки: Страница не найдена | Файл: C:\OSPanel\domains\ishop2\vendor\ishop\core\Router.php | Строка: 44
----------------------
[2018-05-17 21:40:08] Текст ошибки: Страница не найдена | Файл: C:\OSPanel\domains\ishop2\vendor\ishop\core\Router.php | Строка: 44
----------------------
[2018-05-17 21:40:08] Текст ошибки: Страница не найдена | Файл: C:\OSPanel\domains\ishop2\vendor\ishop\core\Router.php | Строка: 44
----------------------
[2018-05-17 21:40:08] Текст ошибки: Страница не найдена | Файл: C:\OSPanel\domains\ishop2\vendor\ishop\core\Router.php | Строка: 44
----------------------
[2018-05-17 21:40:08] Текст ошибки: Страница не найдена | Файл: C:\OSPanel\domains\ishop2\vendor\ishop\core\Router.php | Строка: 44
----------------------
[2018-05-17 21:40:08] Текст ошибки: Страница не найдена | Файл: C:\OSPanel\domains\ishop2\vendor\ishop\core\Router.php | Строка: 44
----------------------
[2018-05-17 21:48:58] Текст ошибки: Страница не найдена | Файл: C:\OSPanel\domains\ishop2\vendor\ishop\core\Router.php | Строка: 44
----------------------
[2018-05-17 21:49:27] Текст ошибки: Метод app\controllers\admin\ProductController::addImageAction не найден | Файл: C:\OSPanel\domains\ishop2\vendor\ishop\core\Router.php | Строка: 38
----------------------
[2018-05-17 22:24:29] Текст ошибки: Страница не найдена | Файл: C:\OSPanel\domains\ishop2\vendor\ishop\core\Router.php | Строка: 44
----------------------
[2018-05-17 22:24:29] Текст ошибки: Страница не найдена | Файл: C:\OSPanel\domains\ishop2\vendor\ishop\core\Router.php | Строка: 44
----------------------
[2018-05-17 22:24:29] Текст ошибки: Страница не найдена | Файл: C:\OSPanel\domains\ishop2\vendor\ishop\core\Router.php | Строка: 44
----------------------
[2018-05-17 22:24:29] Текст ошибки: Страница не найдена | Файл: C:\OSPanel\domains\ishop2\vendor\ishop\core\Router.php | Строка: 44
----------------------
[2018-05-17 22:24:29] Текст ошибки: Страница не найдена | Файл: C:\OSPanel\domains\ishop2\vendor\ishop\core\Router.php | Строка: 44
----------------------
[2018-05-17 22:24:29] Текст ошибки: Страница не найдена | Файл: C:\OSPanel\domains\ishop2\vendor\ishop\core\Router.php | Строка: 44
----------------------
[2018-05-17 22:24:30] Текст ошибки: Страница не найдена | Файл: C:\OSPanel\domains\ishop2\vendor\ishop\core\Router.php | Строка: 44
----------------------
[2018-05-17 22:24:30] Текст ошибки: Страница не найдена | Файл: C:\OSPanel\domains\ishop2\vendor\ishop\core\Router.php | Строка: 44
----------------------
[2018-05-17 22:25:01] Текст ошибки: Страница не найдена | Файл: C:\OSPanel\domains\ishop2\vendor\ishop\core\Router.php | Строка: 44
----------------------
[2018-05-17 22:25:01] Текст ошибки: Страница не найдена | Файл: C:\OSPanel\domains\ishop2\vendor\ishop\core\Router.php | Строка: 44
----------------------
[2018-05-17 22:25:02] Текст ошибки: Страница не найдена | Файл: C:\OSPanel\domains\ishop2\vendor\ishop\core\Router.php | Строка: 44
----------------------
[2018-05-17 22:25:02] Текст ошибки: Страница не найдена | Файл: C:\OSPanel\domains\ishop2\vendor\ishop\core\Router.php | Строка: 44
----------------------
[2018-05-19 13:43:43] Текст ошибки: Страница не найдена | Файл: C:\OSPanel\domains\ishop2\vendor\ishop\core\Router.php | Строка: 44
----------------------
[2018-05-19 15:24:01] Текст ошибки: SQLSTATE[42000]: Syntax error or access violation: 1064 You have an error in your SQL syntax; check the manual that corresponds to your MySQL server version for the right syntax to use near 'DELECTE FROM attribute_product WHERE product_id =1' at line 1 | Файл: C:\OSPanel\domains\ishop2\vendor\gabordemooij\redbean\RedBeanPHP\Driver\RPDO.php | Строка: 188
----------------------
[2018-05-19 15:24:01] Текст ошибки: Страница не найдена | Файл: C:\OSPanel\domains\ishop2\vendor\ishop\core\Router.php | Строка: 44
----------------------
[2018-05-19 15:25:21] Текст ошибки: SQLSTATE[42000]: Syntax error or access violation: 1064 You have an error in your SQL syntax; check the manual that corresponds to your MySQL server version for the right syntax to use near 'DELECTE FROM attribute_product WHERE product_id =1' at line 1 | Файл: C:\OSPanel\domains\ishop2\vendor\gabordemooij\redbean\RedBeanPHP\Driver\RPDO.php | Строка: 188
----------------------
[2018-05-19 15:25:36] Текст ошибки: SQLSTATE[42000]: Syntax error or access violation: 1064 You have an error in your SQL syntax; check the manual that corresponds to your MySQL server version for the right syntax to use near 'DELECTE FROM attribute_product WHERE product_id =1' at line 1 | Файл: C:\OSPanel\domains\ishop2\vendor\gabordemooij\redbean\RedBeanPHP\Driver\RPDO.php | Строка: 188
----------------------
[2018-05-19 15:25:36] Текст ошибки: Страница не найдена | Файл: C:\OSPanel\domains\ishop2\vendor\ishop\core\Router.php | Строка: 44
----------------------
[2018-05-19 15:25:50] Текст ошибки: SQLSTATE[42000]: Syntax error or access violation: 1064 You have an error in your SQL syntax; check the manual that corresponds to your MySQL server version for the right syntax to use near 'DELECTE FROM attribute_product WHERE product_id =1' at line 1 | Файл: C:\OSPanel\domains\ishop2\vendor\gabordemooij\redbean\RedBeanPHP\Driver\RPDO.php | Строка: 188
----------------------
[2018-05-19 15:27:04] Текст ошибки: SQLSTATE[23000]: Integrity constraint violation: 1062 Duplicate entry '' for key 'alias' | Файл: C:\OSPanel\domains\ishop2\vendor\gabordemooij\redbean\RedBeanPHP\Driver\RPDO.php | Строка: 188
----------------------
[2018-05-19 15:27:16] Текст ошибки: SQLSTATE[23000]: Integrity constraint violation: 1062 Duplicate entry '' for key 'alias' | Файл: C:\OSPanel\domains\ishop2\vendor\gabordemooij\redbean\RedBeanPHP\Driver\RPDO.php | Строка: 188
----------------------
[2018-05-19 15:28:38] Текст ошибки: SQLSTATE[23000]: Integrity constraint violation: 1062 Duplicate entry '' for key 'alias' | Файл: C:\OSPanel\domains\ishop2\vendor\gabordemooij\redbean\RedBeanPHP\Driver\RPDO.php | Строка: 188
----------------------
[2018-05-19 15:30:39] Текст ошибки: SQLSTATE[23000]: Integrity constraint violation: 1062 Duplicate entry '' for key 'alias' | Файл: C:\OSPanel\domains\ishop2\vendor\gabordemooij\redbean\RedBeanPHP\Driver\RPDO.php | Строка: 188
----------------------
[2018-05-19 15:32:36] Текст ошибки: SQLSTATE[23000]: Integrity constraint violation: 1062 Duplicate entry '' for key 'alias' | Файл: C:\OSPanel\domains\ishop2\vendor\gabordemooij\redbean\RedBeanPHP\Driver\RPDO.php | Строка: 188
----------------------
[2018-05-19 15:32:36] Текст ошибки: Страница не найдена | Файл: C:\OSPanel\domains\ishop2\vendor\ishop\core\Router.php | Строка: 44
----------------------
[2018-05-19 15:32:46] Текст ошибки: SQLSTATE[23000]: Integrity constraint violation: 1062 Duplicate entry '' for key 'alias' | Файл: C:\OSPanel\domains\ishop2\vendor\gabordemooij\redbean\RedBeanPHP\Driver\RPDO.php | Строка: 188
----------------------
[2018-05-19 15:33:23] Текст ошибки: SQLSTATE[23000]: Integrity constraint violation: 1062 Duplicate entry '' for key 'alias' | Файл: C:\OSPanel\domains\ishop2\vendor\gabordemooij\redbean\RedBeanPHP\Driver\RPDO.php | Строка: 188
----------------------
[2018-05-19 15:35:13] Текст ошибки: SQLSTATE[23000]: Integrity constraint violation: 1062 Duplicate entry '' for key 'alias' | Файл: C:\OSPanel\domains\ishop2\vendor\gabordemooij\redbean\RedBeanPHP\Driver\RPDO.php | Строка: 188
----------------------
[2018-05-19 15:35:48] Текст ошибки: SQLSTATE[23000]: Integrity constraint violation: 1062 Duplicate entry '' for key 'alias' | Файл: C:\OSPanel\domains\ishop2\vendor\gabordemooij\redbean\RedBeanPHP\Driver\RPDO.php | Строка: 188
----------------------
[2018-05-19 15:57:56] Текст ошибки: Страница не найдена | Файл: C:\OSPanel\domains\ishop2\app\controllers\ProductController.php | Строка: 16
----------------------
[2018-05-19 15:58:18] Текст ошибки: SQLSTATE[23000]: Integrity constraint violation: 1062 Duplicate entry '' for key 'alias' | Файл: C:\OSPanel\domains\ishop2\vendor\gabordemooij\redbean\RedBeanPHP\Driver\RPDO.php | Строка: 188
----------------------
[2018-05-19 15:59:06] Текст ошибки: SQLSTATE[23000]: Integrity constraint violation: 1062 Duplicate entry '' for key 'alias' | Файл: C:\OSPanel\domains\ishop2\vendor\gabordemooij\redbean\RedBeanPHP\Driver\RPDO.php | Строка: 188
----------------------
[2018-05-19 16:07:10] Текст ошибки: SQLSTATE[42000]: Syntax error or access violation: 1064 You have an error in your SQL syntax; check the manual that corresponds to your MySQL server version for the right syntax to use near 'DELECTE FROM attribute_product WHERE product_id = 2' at line 1 | Файл: C:\OSPanel\domains\ishop2\vendor\gabordemooij\redbean\RedBeanPHP\Driver\RPDO.php | Строка: 188
----------------------
[2018-05-19 16:07:56] Текст ошибки: SQLSTATE[42000]: Syntax error or access violation: 1064 You have an error in your SQL syntax; check the manual that corresponds to your MySQL server version for the right syntax to use near 'DELECTE FROM attribute_product WHERE product_id = 2' at line 1 | Файл: C:\OSPanel\domains\ishop2\vendor\gabordemooij\redbean\RedBeanPHP\Driver\RPDO.php | Строка: 188
----------------------
[2018-05-19 16:08:22] Текст ошибки: SQLSTATE[23000]: Integrity constraint violation: 1062 Duplicate entry '' for key 'alias' | Файл: C:\OSPanel\domains\ishop2\vendor\gabordemooij\redbean\RedBeanPHP\Driver\RPDO.php | Строка: 188
----------------------
[2018-05-19 16:08:57] Текст ошибки: Нет соединения с БД | Файл: C:\OSPanel\domains\ishop2\vendor\ishop\core\Db.php | Строка: 17
----------------------
[2018-05-19 16:08:59] Текст ошибки: Нет соединения с БД | Файл: C:\OSPanel\domains\ishop2\vendor\ishop\core\Db.php | Строка: 17
----------------------
[2018-05-19 16:09:45] Текст ошибки: SQLSTATE[42000]: Syntax error or access violation: 1064 You have an error in your SQL syntax; check the manual that corresponds to your MySQL server version for the right syntax to use near 'DELECTE FROM attribute_product WHERE product_id = 2' at line 1 | Файл: C:\OSPanel\domains\ishop2\vendor\gabordemooij\redbean\RedBeanPHP\Driver\RPDO.php | Строка: 188
----------------------
[2018-05-19 16:12:37] Текст ошибки: Страница не найдена | Файл: C:\OSPanel\domains\ishop2\app\controllers\ProductController.php | Строка: 16
----------------------
[2018-05-19 16:21:12] Текст ошибки: Страница не найдена | Файл: C:\OSPanel\domains\ishop2\app\controllers\ProductController.php | Строка: 16
----------------------
[2018-05-19 16:21:12] Текст ошибки: Страница не найдена | Файл: C:\OSPanel\domains\ishop2\vendor\ishop\core\Router.php | Строка: 44
----------------------
[2018-05-19 17:50:03] Текст ошибки: Invalid type: attribute_group | Файл: C:\OSPanel\domains\ishop2\vendor\gabordemooij\redbean\RedBeanPHP\Util\DispenseHelper.php | Строка: 77
----------------------
[2018-05-19 17:50:03] Текст ошибки: Страница не найдена | Файл: C:\OSPanel\domains\ishop2\vendor\ishop\core\Router.php | Строка: 44
----------------------
[2018-05-19 18:02:56] Текст ошибки: Plugin 'xdispense' does not exist, add this plugin using: R::ext('xdispense') | Файл: C:\OSPanel\domains\ishop2\vendor\gabordemooij\redbean\RedBeanPHP\Facade.php | Строка: 2766
----------------------
[2018-05-19 22:49:00] Текст ошибки: SQLSTATE[42S02]: Base table or view not found: 1146 Table 'ishop2.attribute_poduct' doesn't exist | Файл: C:\OSPanel\domains\ishop2\vendor\gabordemooij\redbean\RedBeanPHP\Driver\RPDO.php | Строка: 188
----------------------
[2018-05-19 22:49:00] Текст ошибки: Страница не найдена | Файл: C:\OSPanel\domains\ishop2\vendor\ishop\core\Router.php | Строка: 44
----------------------
[2018-05-19 23:27:40] Текст ошибки: Метод app\controllers\admin\CurrencyController::editAction не найден | Файл: C:\OSPanel\domains\ishop2\vendor\ishop\core\Router.php | Строка: 38
----------------------
